<?xml version="1.0" encoding="UTF-8"?>
<testng-results ignored="0" total="1" passed="1" failed="0" skipped="0">
  <reporter-output>
  </reporter-output>
  <suite started-at="2018-10-15T13:07:33Z" name="Suite" finished-at="2018-10-15T13:07:50Z" duration-ms="17468">
    <groups>
      <group name="cucumber">
        <method signature="AbstractTestNGCucumberTests.feature(cucumber.api.testng.CucumberFeatureWrapper)[pri:0, instance:com.jay.jenkinAutomation.testJenkins.Testrunner.TestNgRunner@a1153bc]" name="feature" class="cucumber.api.testng.AbstractTestNGCucumberTests"/>
      </group> <!-- cucumber -->
    </groups>
    <test started-at="2018-10-15T13:07:33Z" name="Test" finished-at="2018-10-15T13:07:50Z" duration-ms="17468">
      <class name="com.jay.jenkinAutomation.testJenkins.Testrunner.TestNgRunner">
        <test-method is-config="true" signature="setUpClass()[pri:0, instance:com.jay.jenkinAutomation.testJenkins.Testrunner.TestNgRunner@a1153bc]" started-at="2018-10-15T18:37:33Z" name="setUpClass" finished-at="2018-10-15T18:37:33Z" duration-ms="330" status="PASS">
          <reporter-output>
          </reporter-output>
        </test-method> <!-- setUpClass -->
        <test-method signature="feature(cucumber.api.testng.CucumberFeatureWrapper)[pri:0, instance:com.jay.jenkinAutomation.testJenkins.Testrunner.TestNgRunner@a1153bc]" started-at="2018-10-15T18:37:33Z" name="feature" description="Runs Cucumber Feature" data-provider="features" finished-at="2018-10-15T18:37:50Z" duration-ms="16942" status="PASS">
          <params>
            <param index="0">
              <value>
                <![CDATA[Test Amazon site]]>
              </value>
            </param>
          </params>
          <reporter-output>
          </reporter-output>
        </test-method> <!-- feature -->
        <test-method is-config="true" signature="tearDownClass()[pri:0, instance:com.jay.jenkinAutomation.testJenkins.Testrunner.TestNgRunner@a1153bc]" started-at="2018-10-15T18:37:50Z" name="tearDownClass" finished-at="2018-10-15T18:37:50Z" duration-ms="24" status="PASS">
          <reporter-output>
          </reporter-output>
        </test-method> <!-- tearDownClass -->
      </class> <!-- com.jay.jenkinAutomation.testJenkins.Testrunner.TestNgRunner -->
    </test> <!-- Test -->
  </suite> <!-- Suite -->
</testng-results>
